** ComfyUI start up time: 2023-12-05 23:22:13.173038

Prestartup times for custom nodes:
   0.0 seconds: /home/michael/ComfyUI/custom_nodes/rgthree-comfy
   0.0 seconds: /home/michael/ComfyUI/custom_nodes/ComfyUI-Manager

Total VRAM 6144 MB, total RAM 12678 MB
Set vram state to: NORMAL_VRAM
Device: cuda:0 NVIDIA GeForce GTX 1060 6GB : cudaMallocAsync
VAE dtype: torch.float32
Using pytorch cross attention
### Loading: ComfyUI-Manager (V1.5.2)
### ComfyUI Revision: 1758 [ad93d9a1] | Released on '2023-12-04'

[32m[1m[rgthree] Loaded 15 exciting nodes.[0m
[32m[rgthree] Optimizing ComfyUI recursive execution. [33mIf queueing and/or re-queueing seems broken, change "patch_recursive_execution" to false in rgthree_config.json [0m

[34mWAS Node Suite: [0mOpenCV Python FFMPEG support is enabled[0m
[34mWAS Node Suite [93mWarning: [0m`ffmpeg_bin_path` is not set in `/home/michael/ComfyUI/custom_nodes/was-node-suite-comfyui/was_suite_config.json` config file. Will attempt to use system ffmpeg binaries if available.[0m
[34mWAS Node Suite: [0mFinished.[0m [32mLoaded[0m [0m197[0m [32mnodes successfully.[0m

	[3m[93m"The best revenge is massive success."[0m[3m - Frank Sinatra[0m


Import times for custom nodes:
   0.0 seconds: /home/michael/ComfyUI/custom_nodes/ComfyUI-Frame-Interpolation
   0.0 seconds: /home/michael/ComfyUI/custom_nodes/ComfyUI-VideoHelperSuite
   0.1 seconds: /home/michael/ComfyUI/custom_nodes/ComfyUI-Manager
   0.1 seconds: /home/michael/ComfyUI/custom_nodes/rgthree-comfy
   3.8 seconds: /home/michael/ComfyUI/custom_nodes/was-node-suite-comfyui

Starting server

To see the GUI go to: http://127.0.0.1:8188
got prompt
model_type EPS
adm 0
Using pytorch attention in VAE
Working with z of shape (1, 4, 32, 32) = 4096 dimensions.
Using pytorch attention in VAE
missing {'cond_stage_model.clip_l.text_projection', 'cond_stage_model.clip_l.logit_scale'}
Requested to load SD1ClipModel
Loading 1 new model
Requested to load BaseModel
Loading 1 new model
Block diagonal conditioning requested for positive conditionings, using block diagonal conditioning.

ERROR:root:!!! Exception during processing !!!
ERROR:root:Traceback (most recent call last):
  File "/home/michael/ComfyUI/execution.py", line 153, in recursive_execute
    output_data, output_ui = get_output_data(obj, input_data_all)
  File "/home/michael/ComfyUI/execution.py", line 83, in get_output_data
    return_values = map_node_over_list(obj, input_data_all, obj.FUNCTION, allow_interrupt=True)
  File "/home/michael/ComfyUI/execution.py", line 76, in map_node_over_list
    results.append(getattr(obj, func)(**slice_dict(input_data_all, i)))
  File "/home/michael/ComfyUI/nodes.py", line 1615, in sample
    return common_ksampler(model, seed, steps, cfg, sampler_name, scheduler, positive, negative, latent_image, denoise=denoise)
  File "/home/michael/ComfyUI/nodes.py", line 1585, in common_ksampler
    samples = comfy.sample.sample(model, noise, steps, cfg, sampler_name, scheduler, positive, negative, latent_image,
  File "/home/michael/ComfyUI/comfy/sample.py", line 100, in sample
    samples = sampler.sample(noise, positive_copy, negative_copy, cfg=cfg, latent_image=latent_image, start_step=start_step, last_step=last_step, force_full_denoise=force_full_denoise, denoise_mask=noise_mask, sigmas=sigmas, callback=callback, disable_pbar=disable_pbar, seed=seed)
  File "/home/michael/ComfyUI/comfy/samplers.py", line 838, in sample
    return sample(self.model, noise, positive, negative, cfg, self.device, sampler, sigmas, self.model_options, latent_image=latent_image, denoise_mask=denoise_mask, callback=callback, disable_pbar=disable_pbar, seed=seed)
  File "/home/michael/ComfyUI/comfy/samplers.py", line 744, in sample
    samples = sampler.sample(model_wrap, sigmas, extra_args, callback, noise, latent_image, denoise_mask, disable_pbar)
  File "/home/michael/ComfyUI/comfy/samplers.py", line 683, in sample
    samples = self.sampler_function(model_k, noise, sigmas, extra_args=extra_args, callback=k_callback, disable=disable_pbar, **self.extra_options)
  File "/home/michael/ComfyUI/venv/lib/python3.10/site-packages/torch/utils/_contextlib.py", line 115, in decorate_context
    return func(*args, **kwargs)
  File "/home/michael/ComfyUI/comfy/k_diffusion/sampling.py", line 615, in sample_dpmpp_2m_sde
    callback({'x': x, 'i': i, 'sigma': sigmas[i], 'sigma_hat': sigmas[i], 'denoised': denoised})
  File "/home/michael/ComfyUI/comfy/samplers.py", line 678, in <lambda>
    k_callback = lambda x: callback(x["i"], x["denoised"], x["x"], total_steps)
  File "/home/michael/ComfyUI/nodes.py", line 1549, in callback
    c(step, x0, x, total_steps)
  File "/home/michael/ComfyUI/nodes.py", line 169, in convolution_callback
    for i in range(n_images):
NameError: free variable 'n_images' referenced before assignment in enclosing scope

Prompt executed in 6.95 seconds
gc collect
