** ComfyUI start up time: 2023-12-05 23:21:20.815304

Prestartup times for custom nodes:
   0.0 seconds: /home/michael/ComfyUI/custom_nodes/rgthree-comfy
   0.0 seconds: /home/michael/ComfyUI/custom_nodes/ComfyUI-Manager

Total VRAM 6144 MB, total RAM 12678 MB
Set vram state to: NORMAL_VRAM
Device: cuda:0 NVIDIA GeForce GTX 1060 6GB : cudaMallocAsync
VAE dtype: torch.float32
Using pytorch cross attention
### Loading: ComfyUI-Manager (V1.5.2)
### ComfyUI Revision: 1758 [ad93d9a1] | Released on '2023-12-04'

[32m[1m[rgthree] Loaded 15 exciting nodes.[0m
[32m[rgthree] Optimizing ComfyUI recursive execution. [33mIf queueing and/or re-queueing seems broken, change "patch_recursive_execution" to false in rgthree_config.json [0m

[34mWAS Node Suite: [0mOpenCV Python FFMPEG support is enabled[0m
[34mWAS Node Suite [93mWarning: [0m`ffmpeg_bin_path` is not set in `/home/michael/ComfyUI/custom_nodes/was-node-suite-comfyui/was_suite_config.json` config file. Will attempt to use system ffmpeg binaries if available.[0m
[34mWAS Node Suite: [0mFinished.[0m [32mLoaded[0m [0m197[0m [32mnodes successfully.[0m

	[3m[93m"Success is not in what you have, but who you are."[0m[3m - Bo Bennett[0m


Import times for custom nodes:
   0.0 seconds: /home/michael/ComfyUI/custom_nodes/ComfyUI-Frame-Interpolation
   0.0 seconds: /home/michael/ComfyUI/custom_nodes/ComfyUI-VideoHelperSuite
   0.1 seconds: /home/michael/ComfyUI/custom_nodes/ComfyUI-Manager
   0.1 seconds: /home/michael/ComfyUI/custom_nodes/rgthree-comfy
   3.9 seconds: /home/michael/ComfyUI/custom_nodes/was-node-suite-comfyui

Starting server

To see the GUI go to: http://127.0.0.1:8188
got prompt
model_type EPS
adm 0
Using pytorch attention in VAE
Working with z of shape (1, 4, 32, 32) = 4096 dimensions.
Using pytorch attention in VAE
missing {'cond_stage_model.clip_l.text_projection', 'cond_stage_model.clip_l.logit_scale'}
Requested to load SD1ClipModel
Loading 1 new model
ERROR:root:!!! Exception during processing !!!
ERROR:root:Traceback (most recent call last):
  File "/home/michael/ComfyUI/execution.py", line 153, in recursive_execute
    output_data, output_ui = get_output_data(obj, input_data_all)
  File "/home/michael/ComfyUI/execution.py", line 83, in get_output_data
    return_values = map_node_over_list(obj, input_data_all, obj.FUNCTION, allow_interrupt=True)
  File "/home/michael/ComfyUI/execution.py", line 76, in map_node_over_list
    results.append(getattr(obj, func)(**slice_dict(input_data_all, i)))
TypeError: ConditioningStepConvolution.apply_convolution() missing 1 required positional argument: 'optional_initial_images'

Prompt executed in 5.69 seconds
gc collect
